# JRE version: OpenJDK Runtime Environment (11.0.16+8) (build 11.0.16+8-post-Ubuntu-0ubuntu118.04)
# Java VM: OpenJDK 64-Bit Server VM (11.0.16+8-post-Ubuntu-0ubuntu118.04, mixed mode, tiered, compressed oops, g1 gc, linux-aarch64)
Heap:
 garbage-first heap   total 20480K, used 5521K [0x00000000c0000000, 0x0000000100000000)
  region size 1024K, 1 young (1024K), 0 survivors (0K)
 Metaspace       used 8152K, capacity 8342K, committed 8448K, reserved 1056768K
  class space    used 703K, capacity 748K, committed 768K, reserved 1048576K
GC Heap History (20 events):
Event: 1.883 GC heap before
{Heap before GC invocations=8 (full 1):
 garbage-first heap   total 8192K, used 3664K [0x00000000c0000000, 0x0000000100000000)
  region size 1024K, 2 young (2048K), 1 survivors (1024K)
 Metaspace       used 7934K, capacity 8137K, committed 8192K, reserved 1056768K
  class space    used 687K, capacity 746K, committed 768K, reserved 1048576K
}
Event: 1.888 GC heap after
{Heap after GC invocations=9 (full 1):
 garbage-first heap   total 8192K, used 2746K [0x00000000c0000000, 0x0000000100000000)
  region size 1024K, 1 young (1024K), 1 survivors (1024K)
 Metaspace       used 7934K, capacity 8137K, committed 8192K, reserved 1056768K
  class space    used 687K, capacity 746K, committed 768K, reserved 1048576K
}
Event: 1.901 GC heap before
{Heap before GC invocations=9 (full 1):
 garbage-first heap   total 8192K, used 3770K [0x00000000c0000000, 0x0000000100000000)
  region size 1024K, 2 young (2048K), 1 survivors (1024K)
 Metaspace       used 7935K, capacity 8137K, committed 8192K, reserved 1056768K
  class space    used 687K, capacity 746K, committed 768K, reserved 1048576K
}
Event: 1.907 GC heap after
{Heap after GC invocations=10 (full 1):
 garbage-first heap   total 35840K, used 2829K [0x00000000c0000000, 0x0000000100000000)
  region size 1024K, 1 young (1024K), 1 survivors (1024K)
 Metaspace       used 7935K, capacity 8137K, committed 8192K, reserved 1056768K
  class space    used 687K, capacity 746K, committed 768K, reserved 1048576K
}
Event: 2.034 GC heap before
{Heap before GC invocations=10 (full 1):
 garbage-first heap   total 35840K, used 16141K [0x00000000c0000000, 0x0000000100000000)
  region size 1024K, 14 young (14336K), 1 survivors (1024K)
 Metaspace       used 7955K, capacity 8137K, committed 8192K, reserved 1056768K
  class space    used 687K, capacity 746K, committed 768K, reserved 1048576K
}
Event: 2.057 GC heap after
{Heap after GC invocations=11 (full 1):
 garbage-first heap   total 35840K, used 4306K [0x00000000c0000000, 0x0000000100000000)
  region size 1024K, 2 young (2048K), 2 survivors (2048K)
 Metaspace       used 7955K, capacity 8137K, committed 8192K, reserved 1056768K
  class space    used 687K, capacity 746K, committed 768K, reserved 1048576K
}
Event: 22.492 GC heap before
{Heap before GC invocations=11 (full 1):
 garbage-first heap   total 35840K, used 14546K [0x00000000c0000000, 0x0000000100000000)
  region size 1024K, 13 young (13312K), 2 survivors (2048K)
 Metaspace       used 8142K, capacity 8342K, committed 8448K, reserved 1056768K
  class space    used 700K, capacity 748K, committed 768K, reserved 1048576K
}
Event: 22.556 GC heap after
{Heap after GC invocations=12 (full 2):
 garbage-first heap   total 20480K, used 5521K [0x00000000c0000000, 0x0000000100000000)
  region size 1024K, 0 young (0K), 0 survivors (0K)
 Metaspace       used 8142K, capacity 8342K, committed 8448K, reserved 1056768K
  class space    used 700K, capacity 748K, committed 768K, reserved 1048576K
}
Event: 24.793 GC heap before
{Heap before GC invocations=12 (full 2):
 garbage-first heap   total 20480K, used 5521K [0x00000000c0000000, 0x0000000100000000)
  region size 1024K, 1 young (1024K), 0 survivors (0K)
 Metaspace       used 8142K, capacity 8342K, committed 8448K, reserved 1056768K
  class space    used 700K, capacity 748K, committed 768K, reserved 1048576K
}
Event: 24.824 GC heap after
{Heap after GC invocations=13 (full 3):
 garbage-first heap   total 20480K, used 5521K [0x00000000c0000000, 0x0000000100000000)
  region size 1024K, 0 young (0K), 0 survivors (0K)
 Metaspace       used 8142K, capacity 8342K, committed 8448K, reserved 1056768K
  class space    used 700K, capacity 748K, committed 768K, reserved 1048576K
}
Event: 28.835 GC heap before
{Heap before GC invocations=13 (full 3):
 garbage-first heap   total 20480K, used 5521K [0x00000000c0000000, 0x0000000100000000)
  region size 1024K, 1 young (1024K), 0 survivors (0K)
 Metaspace       used 8142K, capacity 8342K, committed 8448K, reserved 1056768K
  class space    used 700K, capacity 748K, committed 768K, reserved 1048576K
}
Event: 28.892 GC heap after
{Heap after GC invocations=14 (full 4):
 garbage-first heap   total 20480K, used 5521K [0x00000000c0000000, 0x0000000100000000)
  region size 1024K, 0 young (0K), 0 survivors (0K)
 Metaspace       used 8142K, capacity 8342K, committed 8448K, reserved 1056768K
  class space    used 700K, capacity 748K, committed 768K, reserved 1048576K
}
Event: 29.739 GC heap before
{Heap before GC invocations=14 (full 4):
 garbage-first heap   total 20480K, used 5521K [0x00000000c0000000, 0x0000000100000000)
  region size 1024K, 1 young (1024K), 0 survivors (0K)
 Metaspace       used 8142K, capacity 8342K, committed 8448K, reserved 1056768K
  class space    used 700K, capacity 748K, committed 768K, reserved 1048576K
}
Event: 29.768 GC heap after
{Heap after GC invocations=15 (full 5):
 garbage-first heap   total 20480K, used 5521K [0x00000000c0000000, 0x0000000100000000)
  region size 1024K, 0 young (0K), 0 survivors (0K)
 Metaspace       used 8142K, capacity 8342K, committed 8448K, reserved 1056768K
  class space    used 700K, capacity 748K, committed 768K, reserved 1048576K
}
Event: 30.296 GC heap before
{Heap before GC invocations=15 (full 5):
 garbage-first heap   total 20480K, used 5521K [0x00000000c0000000, 0x0000000100000000)
  region size 1024K, 1 young (1024K), 0 survivors (0K)
 Metaspace       used 8142K, capacity 8342K, committed 8448K, reserved 1056768K
  class space    used 700K, capacity 748K, committed 768K, reserved 1048576K
}
Event: 30.342 GC heap after
{Heap after GC invocations=16 (full 6):
 garbage-first heap   total 20480K, used 5521K [0x00000000c0000000, 0x0000000100000000)
  region size 1024K, 0 young (0K), 0 survivors (0K)
 Metaspace       used 8142K, capacity 8342K, committed 8448K, reserved 1056768K
  class space    used 700K, capacity 748K, committed 768K, reserved 1048576K
}
Event: 30.950 GC heap before
{Heap before GC invocations=16 (full 6):
 garbage-first heap   total 20480K, used 5521K [0x00000000c0000000, 0x0000000100000000)
  region size 1024K, 1 young (1024K), 0 survivors (0K)
 Metaspace       used 8142K, capacity 8342K, committed 8448K, reserved 1056768K
  class space    used 700K, capacity 748K, committed 768K, reserved 1048576K
}
Event: 30.995 GC heap after
{Heap after GC invocations=17 (full 7):
 garbage-first heap   total 20480K, used 5521K [0x00000000c0000000, 0x0000000100000000)
  region size 1024K, 0 young (0K), 0 survivors (0K)
 Metaspace       used 8142K, capacity 8342K, committed 8448K, reserved 1056768K
  class space    used 700K, capacity 748K, committed 768K, reserved 1048576K
}
Event: 31.548 GC heap before
{Heap before GC invocations=17 (full 7):
 garbage-first heap   total 20480K, used 5521K [0x00000000c0000000, 0x0000000100000000)
  region size 1024K, 1 young (1024K), 0 survivors (0K)
 Metaspace       used 8142K, capacity 8342K, committed 8448K, reserved 1056768K
  class space    used 700K, capacity 748K, committed 768K, reserved 1048576K
}
Event: 31.610 GC heap after
{Heap after GC invocations=18 (full 8):
 garbage-first heap   total 20480K, used 5521K [0x00000000c0000000, 0x0000000100000000)
  region size 1024K, 0 young (0K), 0 survivors (0K)
 Metaspace       used 8142K, capacity 8342K, committed 8448K, reserved 1056768K
  class space    used 700K, capacity 748K, committed 768K, reserved 1048576K
}

